<configuration>

  <appender name="STDERR" class="ch.qos.logback.core.ConsoleAppender">
    <encoder>
      <pattern>%d{HH:mm:ss.SSS} [%thread] %-5level %logger{36} - %msg%n</pattern>
    </encoder>
    <target>System.err</target>
  </appender>

  <logger name="org.apache.curator" level="ERROR" />
  <logger name="org.apache.zookeeper" level="ERROR" />
  <logger name="com.spotify.hermes" level="ERROR" />

  <root level="DEBUG">
    <appender-ref ref="STDERR"/>
  </root>

</configuration>